<?xml version="1.0" encoding="UTF-8"?>
<testsuite xmlns:xsi="http://www.w3.org/2001/XMLSchema-instance" xsi:noNamespaceSchemaLocation="https://maven.apache.org/surefire/maven-surefire-plugin/xsd/surefire-test-report.xsd" name="com.stackroute.datamunger.test.DataMungerTest" time="10.073" tests="24" errors="0" skipped="0" failures="0">
  <properties>
[...]
</properties>
  <testcase name="testGetFields" classname="com.stackroute.datamunger.test.DataMungerTest" time="0.339"/>
  <testcase name="testGetFieldsAndRestrictions" classname="com.stackroute.datamunger.test.DataMungerTest" time="0.016"/>
  <testcase name="testGetFieldsAndRestrictionsFailure" classname="com.stackroute.datamunger.test.DataMungerTest" time="0.018"/>
  <testcase name="testGetFieldsFailure" classname="com.stackroute.datamunger.test.DataMungerTest" time="0.017"/>
  <testcase name="testGetFileName" classname="com.stackroute.datamunger.test.DataMungerTest" time="0.054"/>
  <testcase name="testGetFileNameFailure" classname="com.stackroute.datamunger.test.DataMungerTest" time="0.016"/>
  <testcase name="testGetGroupByClause" classname="com.stackroute.datamunger.test.DataMungerTest" time="0.016"/>
  <testcase name="testGetGroupByOrderByClause" classname="com.stackroute.datamunger.test.DataMungerTest" time="0.033"/>
  <testcase name="testGetGroupByOrderByClauseFailure" classname="com.stackroute.datamunger.test.DataMungerTest" time="0.068"/>
  <testcase name="testGetOrderByAndWhereConditionClause" classname="com.stackroute.datamunger.test.DataMungerTest" time="0.02"/>
  <testcase name="testGetOrderByAndWhereConditionClauseFailure" classname="com.stackroute.datamunger.test.DataMungerTest" time="0.027"/>
  <testcase name="testGetOrderByClause" classname="com.stackroute.datamunger.test.DataMungerTest" time="0.02"/>
  <testcase name="testGetOrderByWithoutWhereClause" classname="com.stackroute.datamunger.test.DataMungerTest" time="0.014"/>
  <testcase name="testGetRestrictionsAndAggregateFunctions" classname="com.stackroute.datamunger.test.DataMungerTest" time="0.03"/>
  <testcase name="testSelectAllWithoutWhereClause" classname="com.stackroute.datamunger.test.DataMungerTest" time="3.621"/>
  <testcase name="testSelectColumnsWithoutWhereClause" classname="com.stackroute.datamunger.test.DataMungerTest" time="1.08"/>
  <testcase name="testWithWhereEqualAndNotEqualClause" classname="com.stackroute.datamunger.test.DataMungerTest" time="0.386"/>
  <testcase name="testWithWhereGreaterThanClause" classname="com.stackroute.datamunger.test.DataMungerTest" time="0.111"/>
  <testcase name="testWithWhereGreaterThanOrEqualToClause" classname="com.stackroute.datamunger.test.DataMungerTest" time="0.257"/>
  <testcase name="testWithWhereLessThanClause" classname="com.stackroute.datamunger.test.DataMungerTest" time="0.758"/>
  <testcase name="testWithWhereLessThanOrEqualToClause" classname="com.stackroute.datamunger.test.DataMungerTest" time="1.143"/>
  <testcase name="testWithWhereNotEqualToClause" classname="com.stackroute.datamunger.test.DataMungerTest" time="0.603"/>
  <testcase name="testWithWhereThreeConditionsEqualOrNotEqualClause" classname="com.stackroute.datamunger.test.DataMungerTest" time="1.052"/>
  <testcase name="testWithWhereTwoConditionsEqualOrNotEqualClause" classname="com.stackroute.datamunger.test.DataMungerTest" time="0.282"/>
</testsuite>